#
# A fatal error has been detected by the Java Runtime Environment:
#
#  EXCEPTION_ACCESS_VIOLATION (0xc0000005) at pc=0x0000000057a15f60, pid=11520, tid=0x00000000000034e8
#
# JRE version: OpenJDK Runtime Environment (8.0_202-b03) (build 1.8.0_202-release-1483-b03)
# Java VM: OpenJDK 64-Bit Server VM (25.202-b03 mixed mode windows-amd64 compressed oops)
# Problematic frame:
# V  [jvm.dll+0x115f60]
#
# Failed to write core dump. Minidumps are not enabled by default on client versions of Windows
#
# If you would like to submit a bug report, please visit:
#   http://bugreport.java.com/bugreport/crash.jsp
#

---------------  T H R E A D  ---------------

Current thread (0x000000001a3c6000):  JavaThread "Daemon worker" [_thread_in_vm, id=13544, stack(0x000000001c1a0000,0x000000001c2a0000)]

siginfo: ExceptionCode=0xc0000005, reading address 0x00006b76ffffffe8

Registers:
RAX=0x0000000002ff5b90, RBX=0x000000000307bf70, RCX=0x00006b76ffffffe8, RDX=0x000000001b306b4b
RSP=0x000000001c2978f8, RBP=0x00000000c1938e29, RSI=0x00006b76ffffffe8, RDI=0x0000000000000003
R8 =0x000000000000000c, R9 =0x000000000000000c, R10=0x0000000000000061, R11=0x00000000c1938e29
R12=0x000000000000000c, R13=0x000000001b306b4b, R14=0x0000000002ff3ea0, R15=0x000000001b306b4b
RIP=0x0000000057a15f60, EFLAGS=0x0000000000010246

Top of Stack: (sp=0x000000001c2978f8)
0x000000001c2978f8:   0000000057953838 000000001c297a40
0x000000001c297908:   000000001c297ac0 000000001c297a80
0x000000001c297918:   ffffffffffffffe0 00000000000000fd
0x000000001c297928:   00000000000000fd 000000001c298120
0x000000001c297938:   0000000057953914 000000000000000c
0x000000001c297948:   000000001c297a80 000000001c297a00
0x000000001c297958:   000000001b306b4b 00000000c1938e29
0x000000001c297968:   000000000000000c 000000000000000c
0x000000001c297978:   0000000057930599 000000000000000c
0x000000001c297988:   000000001a3c6000 000000001c297a80
0x000000001c297998:   000000001a3c6000 000000001c297ac0
0x000000001c2979a8:   000000001c297a80 000000001c297aa0
0x000000001c2979b8:   000000001a3c6000 0000000019f30c00
0x000000001c2979c8:   0000011400000000 0000000000006100
0x000000001c2979d8:   000000001b305ff0 000000001b307a57
0x000000001c2979e8:   000000001b306b57 000000001c2984e0 

Instructions: (pc=0x0000000057a15f60)
0x0000000057a15f40:   fa ff 48 39 7b 08 48 8b 5c 24 40 48 0f 45 c7 48
0x0000000057a15f50:   83 c4 30 5f c3 cc cc cc cc cc cc cc cc cc cc cc
0x0000000057a15f60:   0f b7 01 4c 8b ca 4c 8b d1 41 3b c0 74 03 32 c0
0x0000000057a15f70:   c3 48 8b d0 85 c0 7e 1e 48 8d 4c 08 08 4d 2b ca 


Register to memory mapping:

RAX=0x0000000002ff5b90 is an unknown value
RBX=0x000000000307bf70 is an unknown value
RCX=0x00006b76ffffffe8 is an unknown value
RDX=0x000000001b306b4b is an unknown value
RSP=0x000000001c2978f8 is pointing into the stack for thread: 0x000000001a3c6000
RBP=0x00000000c1938e29 is an unallocated location in the heap
RSI=0x00006b76ffffffe8 is an unknown value
RDI=0x0000000000000003 is an unknown value
R8 =0x000000000000000c is an unknown value
R9 =0x000000000000000c is an unknown value
R10=0x0000000000000061 is an unknown value
R11=0x00000000c1938e29 is an unallocated location in the heap
R12=0x000000000000000c is an unknown value
R13=0x000000001b306b4b is an unknown value
R14=0x0000000002ff3ea0 is an unknown value
R15=0x000000001b306b4b is an unknown value


Stack: [0x000000001c1a0000,0x000000001c2a0000],  sp=0x000000001c2978f8,  free space=990k
Native frames: (J=compiled Java code, j=interpreted, Vv=VM code, C=native code)
V  [jvm.dll+0x115f60]

Java frames: (J=compiled Java code, j=interpreted, Vv=VM code)
J 756  java.lang.ClassLoader.defineClass1(Ljava/lang/String;[BIILjava/security/ProtectionDomain;Ljava/lang/String;)Ljava/lang/Class; (0 bytes) @ 0x00000000033f5edf [0x00000000033f5e40+0x9f]
J 487 C1 java.lang.ClassLoader.defineClass(Ljava/lang/String;[BIILjava/security/ProtectionDomain;)Ljava/lang/Class; (43 bytes) @ 0x00000000033079a4 [0x00000000033073c0+0x5e4]
J 431 C1 java.net.URLClassLoader.defineClass(Ljava/lang/String;Lsun/misc/Resource;)Ljava/lang/Class; (142 bytes) @ 0x00000000032deea4 [0x00000000032dd340+0x1b64]
J 326 C1 java.net.URLClassLoader$1.run()Ljava/lang/Class; (63 bytes) @ 0x0000000003295b54 [0x00000000032958a0+0x2b4]
j  java.net.URLClassLoader$1.run()Ljava/lang/Object;+1
v  ~StubRoutines::call_stub
J 249  java.security.AccessController.doPrivileged(Ljava/security/PrivilegedExceptionAction;Ljava/security/AccessControlContext;)Ljava/lang/Object; (0 bytes) @ 0x00000000032661a6 [0x0000000003266140+0x66]
J 1403 C2 java.net.URLClassLoader.findClass(Ljava/lang/String;)Ljava/lang/Class; (47 bytes) @ 0x00000000031f3bb0 [0x00000000031f3b20+0x90]
J 1340 C2 java.lang.ClassLoader.loadClass(Ljava/lang/String;Z)Ljava/lang/Class; (122 bytes) @ 0x000000000357feb4 [0x000000000357ef00+0xfb4]
J 313 C1 java.lang.ClassLoader.loadClass(Ljava/lang/String;)Ljava/lang/Class; (7 bytes) @ 0x000000000328eb8c [0x000000000328ea80+0x10c]
v  ~StubRoutines::call_stub
j  org.gradle.internal.service.scopes.GradleUserHomeScopeServices.createFileSystemSnapshotter(Lorg/gradle/internal/hash/FileHasher;Lorg/gradle/api/internal/cache/StringInterner;Lorg/gradle/internal/nativeintegration/filesystem/FileSystem;Lorg/gradle/internal/snapshot/FileSystemMirror;)Lorg/gradle/internal/snapshot/FileSystemSnapshotter;+9
v  ~StubRoutines::call_stub
j  sun.reflect.NativeMethodAccessorImpl.invoke0(Ljava/lang/reflect/Method;Ljava/lang/Object;[Ljava/lang/Object;)Ljava/lang/Object;+0
j  sun.reflect.NativeMethodAccessorImpl.invoke(Ljava/lang/Object;[Ljava/lang/Object;)Ljava/lang/Object;+100
J 1150 C1 sun.reflect.DelegatingMethodAccessorImpl.invoke(Ljava/lang/Object;[Ljava/lang/Object;)Ljava/lang/Object; (10 bytes) @ 0x00000000034fc404 [0x00000000034fc300+0x104]
J 1149 C1 java.lang.reflect.Method.invoke(Ljava/lang/Object;[Ljava/lang/Object;)Ljava/lang/Object; (62 bytes) @ 0x00000000034fbe2c [0x00000000034fba40+0x3ec]
j  org.gradle.internal.reflect.JavaMethod.invoke(Ljava/lang/Object;[Ljava/lang/Object;)Ljava/lang/Object;+6
j  org.gradle.internal.service.ReflectionBasedServiceMethod.invoke(Ljava/lang/Object;[Ljava/lang/Object;)Ljava/lang/Object;+6
j  org.gradle.internal.service.DefaultServiceRegistry$FactoryMethodService.invokeMethod([Ljava/lang/Object;)Ljava/lang/Object;+9
j  org.gradle.internal.service.DefaultServiceRegistry$FactoryService.create()Ljava/lang/Object;+7
J 1394 C1 org.gradle.internal.service.DefaultServiceRegistry$ManagedObjectServiceProvider.getInstance()Ljava/lang/Object; (81 bytes) @ 0x00000000035ab38c [0x00000000035ab140+0x24c]
J 1393 C1 org.gradle.internal.service.DefaultServiceRegistry$SingletonService.get()Ljava/lang/Object; (5 bytes) @ 0x00000000035a8574 [0x00000000035a8480+0xf4]
j  org.gradle.internal.service.DefaultServiceRegistry$FactoryService.assembleParameters()[Ljava/lang/Object;+44
j  org.gradle.internal.service.DefaultServiceRegistry$FactoryService.create()Ljava/lang/Object;+1
J 1394 C1 org.gradle.internal.service.DefaultServiceRegistry$ManagedObjectServiceProvider.getInstance()Ljava/lang/Object; (81 bytes) @ 0x00000000035ab38c [0x00000000035ab140+0x24c]
J 1393 C1 org.gradle.internal.service.DefaultServiceRegistry$SingletonService.get()Ljava/lang/Object; (5 bytes) @ 0x00000000035a8574 [0x00000000035a8480+0xf4]
j  org.gradle.internal.service.DefaultServiceRegistry$FactoryService.assembleParameters()[Ljava/lang/Object;+44
j  org.gradle.internal.service.DefaultServiceRegistry$FactoryService.create()Ljava/lang/Object;+1
J 1394 C1 org.gradle.internal.service.DefaultServiceRegistry$ManagedObjectServiceProvider.getInstance()Ljava/lang/Object; (81 bytes) @ 0x00000000035ab38c [0x00000000035ab140+0x24c]
J 1393 C1 org.gradle.internal.service.DefaultServiceRegistry$SingletonService.get()Ljava/lang/Object; (5 bytes) @ 0x00000000035a8574 [0x00000000035a8480+0xf4]
j  org.gradle.internal.service.DefaultServiceRegistry$FactoryService.assembleParameters()[Ljava/lang/Object;+44
j  org.gradle.internal.service.DefaultServiceRegistry$FactoryService.create()Ljava/lang/Object;+1
J 1394 C1 org.gradle.internal.service.DefaultServiceRegistry$ManagedObjectServiceProvider.getInstance()Ljava/lang/Object; (81 bytes) @ 0x00000000035ab38c [0x00000000035ab140+0x24c]
J 1393 C1 org.gradle.internal.service.DefaultServiceRegistry$SingletonService.get()Ljava/lang/Object; (5 bytes) @ 0x00000000035a8574 [0x00000000035a8480+0xf4]
j  org.gradle.internal.service.DefaultServiceRegistry$FactoryService.assembleParameters()[Ljava/lang/Object;+44
j  org.gradle.internal.service.DefaultServiceRegistry$FactoryService.create()Ljava/lang/Object;+1
J 1394 C1 org.gradle.internal.service.DefaultServiceRegistry$ManagedObjectServiceProvider.getInstance()Ljava/lang/Object; (81 bytes) @ 0x00000000035ab38c [0x00000000035ab140+0x24c]
J 1393 C1 org.gradle.internal.service.DefaultServiceRegistry$SingletonService.get()Ljava/lang/Object; (5 bytes) @ 0x00000000035a8574 [0x00000000035a8480+0xf4]
j  org.gradle.internal.service.DefaultServiceRegistry$FactoryService.assembleParameters()[Ljava/lang/Object;+44
j  org.gradle.internal.service.DefaultServiceRegistry$FactoryService.create()Ljava/lang/Object;+1
J 1394 C1 org.gradle.internal.service.DefaultServiceRegistry$ManagedObjectServiceProvider.getInstance()Ljava/lang/Object; (81 bytes) @ 0x00000000035ab38c [0x00000000035ab140+0x24c]
J 1393 C1 org.gradle.internal.service.DefaultServiceRegistry$SingletonService.get()Ljava/lang/Object; (5 bytes) @ 0x00000000035a8574 [0x00000000035a8480+0xf4]
j  org.gradle.internal.service.DefaultServiceRegistry$FactoryService.assembleParameters()[Ljava/lang/Object;+44
j  org.gradle.internal.service.DefaultServiceRegistry$FactoryService.create()Ljava/lang/Object;+1
J 1394 C1 org.gradle.internal.service.DefaultServiceRegistry$ManagedObjectServiceProvider.getInstance()Ljava/lang/Object; (81 bytes) @ 0x00000000035ab38c [0x00000000035ab140+0x24c]
J 1393 C1 org.gradle.internal.service.DefaultServiceRegistry$SingletonService.get()Ljava/lang/Object; (5 bytes) @ 0x00000000035a8574 [0x00000000035a8480+0xf4]
j  org.gradle.internal.service.DefaultServiceRegistry.find(Ljava/lang/reflect/Type;)Ljava/lang/Object;+22
j  org.gradle.internal.service.DefaultServiceRegistry.get(Ljava/lang/reflect/Type;)Ljava/lang/Object;+2
j  org.gradle.internal.service.DefaultServiceRegistry.get(Ljava/lang/Class;)Ljava/lang/Object;+3
j  org.gradle.internal.service.scopes.BuildScopeServices.defaultScriptPluginFactory()Lorg/gradle/configuration/DefaultScriptPluginFactory;+7
j  org.gradle.internal.service.scopes.BuildScopeServices.createScriptPluginFactory(Lorg/gradle/internal/instantiation/InstantiatorFactory;Lorg/gradle/internal/operations/BuildOperationExecutor;Lorg/gradle/configuration/internal/UserCodeApplicationContext;)Lorg/gradle/configuration/ScriptPluginFactory;+1
v  ~StubRoutines::call_stub
j  sun.reflect.NativeMethodAccessorImpl.invoke0(Ljava/lang/reflect/Method;Ljava/lang/Object;[Ljava/lang/Object;)Ljava/lang/Object;+0
j  sun.reflect.NativeMethodAccessorImpl.invoke(Ljava/lang/Object;[Ljava/lang/Object;)Ljava/lang/Object;+100
J 1150 C1 sun.reflect.DelegatingMethodAccessorImpl.invoke(Ljava/lang/Object;[Ljava/lang/Object;)Ljava/lang/Object; (10 bytes) @ 0x00000000034fc404 [0x00000000034fc300+0x104]
J 1149 C1 java.lang.reflect.Method.invoke(Ljava/lang/Object;[Ljava/lang/Object;)Ljava/lang/Object; (62 bytes) @ 0x00000000034fbe2c [0x00000000034fba40+0x3ec]
j  org.gradle.internal.reflect.JavaMethod.invoke(Ljava/lang/Object;[Ljava/lang/Object;)Ljava/lang/Object;+6
j  org.gradle.internal.service.ReflectionBasedServiceMethod.invoke(Ljava/lang/Object;[Ljava/lang/Object;)Ljava/lang/Object;+6
j  org.gradle.internal.service.DefaultServiceRegistry$FactoryMethodService.invokeMethod([Ljava/lang/Object;)Ljava/lang/Object;+9
j  org.gradle.internal.service.DefaultServiceRegistry$FactoryService.create()Ljava/lang/Object;+7
J 1394 C1 org.gradle.internal.service.DefaultServiceRegistry$ManagedObjectServiceProvider.getInstance()Ljava/lang/Object; (81 bytes) @ 0x00000000035ab38c [0x00000000035ab140+0x24c]
J 1393 C1 org.gradle.internal.service.DefaultServiceRegistry$SingletonService.get()Ljava/lang/Object; (5 bytes) @ 0x00000000035a8574 [0x00000000035a8480+0xf4]
j  org.gradle.internal.service.DefaultServiceRegistry$FactoryService.assembleParameters()[Ljava/lang/Object;+44
j  org.gradle.internal.service.DefaultServiceRegistry$FactoryService.create()Ljava/lang/Object;+1
J 1394 C1 org.gradle.internal.service.DefaultServiceRegistry$ManagedObjectServiceProvider.getInstance()Ljava/lang/Object; (81 bytes) @ 0x00000000035ab38c [0x00000000035ab140+0x24c]
J 1393 C1 org.gradle.internal.service.DefaultServiceRegistry$SingletonService.get()Ljava/lang/Object; (5 bytes) @ 0x00000000035a8574 [0x00000000035a8480+0xf4]
j  org.gradle.internal.service.DefaultServiceRegistry$FactoryService.assembleParameters()[Ljava/lang/Object;+44
j  org.gradle.internal.service.DefaultServiceRegistry$FactoryService.create()Ljava/lang/Object;+1
J 1394 C1 org.gradle.internal.service.DefaultServiceRegistry$ManagedObjectServiceProvider.getInstance()Ljava/lang/Object; (81 bytes) @ 0x00000000035ab38c [0x00000000035ab140+0x24c]
J 1393 C1 org.gradle.internal.service.DefaultServiceRegistry$SingletonService.get()Ljava/lang/Object; (5 bytes) @ 0x00000000035a8574 [0x00000000035a8480+0xf4]
j  org.gradle.internal.service.DefaultServiceRegistry.find(Ljava/lang/reflect/Type;)Ljava/lang/Object;+22
j  org.gradle.internal.service.DefaultServiceRegistry.get(Ljava/lang/reflect/Type;)Ljava/lang/Object;+2
j  org.gradle.internal.service.DefaultServiceRegistry.get(Ljava/lang/Class;)Ljava/lang/Object;+3
j  org.gradle.initialization.DefaultGradleLauncherFactory.doNewInstance(Lorg/gradle/api/internal/BuildDefinition;Lorg/gradle/internal/build/BuildState;Lorg/gradle/initialization/GradleLauncher;Lorg/gradle/internal/service/scopes/BuildTreeScopeServices;Ljava/util/List;)Lorg/gradle/initialization/DefaultGradleLauncher;+227
j  org.gradle.initialization.DefaultGradleLauncherFactory.newInstance(Lorg/gradle/api/internal/BuildDefinition;Lorg/gradle/internal/build/RootBuildState;Lorg/gradle/internal/service/scopes/BuildTreeScopeServices;)Lorg/gradle/initialization/GradleLauncher;+33
j  org.gradle.composite.internal.DefaultRootBuildState.<init>(Lorg/gradle/api/internal/BuildDefinition;Lorg/gradle/initialization/GradleLauncherFactory;Lorg/gradle/internal/event/ListenerManager;Lorg/gradle/internal/service/scopes/BuildTreeScopeServices;)V+15
j  org.gradle.composite.internal.DefaultIncludedBuildRegistry.createRootBuild(Lorg/gradle/api/internal/BuildDefinition;)Lorg/gradle/internal/build/RootBuildState;+35
j  org.gradle.launcher.exec.InProcessBuildActionExecuter.execute(Lorg/gradle/internal/invocation/BuildAction;Lorg/gradle/initialization/BuildRequestContext;Lorg/gradle/launcher/exec/BuildActionParameters;Lorg/gradle/internal/service/ServiceRegistry;)Lorg/gradle/launcher/exec/BuildActionResult;+61
j  org.gradle.launcher.exec.InProcessBuildActionExecuter.execute(Lorg/gradle/internal/invocation/BuildAction;Lorg/gradle/initialization/BuildRequestContext;Ljava/lang/Object;Lorg/gradle/internal/service/ServiceRegistry;)Lorg/gradle/launcher/exec/BuildActionResult;+9
j  org.gradle.launcher.exec.BuildTreeScopeBuildActionExecuter.execute(Lorg/gradle/internal/invocation/BuildAction;Lorg/gradle/initialization/BuildRequestContext;Lorg/gradle/launcher/exec/BuildActionParameters;Lorg/gradle/internal/service/ServiceRegistry;)Lorg/gradle/launcher/exec/BuildActionResult;+38
j  org.gradle.launcher.exec.BuildTreeScopeBuildActionExecuter.execute(Lorg/gradle/internal/invocation/BuildAction;Lorg/gradle/initialization/BuildRequestContext;Ljava/lang/Object;Lorg/gradle/internal/service/ServiceRegistry;)Lorg/gradle/launcher/exec/BuildActionResult;+9
j  org.gradle.tooling.internal.provider.ContinuousBuildActionExecuter.execute(Lorg/gradle/internal/invocation/BuildAction;Lorg/gradle/initialization/BuildRequestContext;Lorg/gradle/launcher/exec/BuildActionParameters;Lorg/gradle/internal/service/ServiceRegistry;)Lorg/gradle/launcher/exec/BuildActionResult;+58
j  org.gradle.tooling.internal.provider.ContinuousBuildActionExecuter.execute(Lorg/gradle/internal/invocation/BuildAction;Lorg/gradle/initialization/BuildRequestContext;Ljava/lang/Object;Lorg/gradle/internal/service/ServiceRegistry;)Lorg/gradle/launcher/exec/BuildActionResult;+9
j  org.gradle.tooling.internal.provider.SubscribableBuildActionExecuter.execute(Lorg/gradle/internal/invocation/BuildAction;Lorg/gradle/initialization/BuildRequestContext;Lorg/gradle/launcher/exec/BuildActionParameters;Lorg/gradle/internal/service/ServiceRegistry;)Lorg/gradle/launcher/exec/BuildActionResult;+45
j  org.gradle.tooling.internal.provider.SubscribableBuildActionExecuter.execute(Lorg/gradle/internal/invocation/BuildAction;Lorg/gradle/initialization/BuildRequestContext;Ljava/lang/Object;Lorg/gradle/internal/service/ServiceRegistry;)Lorg/gradle/launcher/exec/BuildActionResult;+9
j  org.gradle.tooling.internal.provider.SessionScopeBuildActionExecuter.execute(Lorg/gradle/internal/invocation/BuildAction;Lorg/gradle/initialization/BuildRequestContext;Lorg/gradle/launcher/exec/BuildActionParameters;Lorg/gradle/internal/service/ServiceRegistry;)Lorg/gradle/launcher/exec/BuildActionResult;+117
j  org.gradle.tooling.internal.provider.SessionScopeBuildActionExecuter.execute(Lorg/gradle/internal/invocation/BuildAction;Lorg/gradle/initialization/BuildRequestContext;Ljava/lang/Object;Lorg/gradle/internal/service/ServiceRegistry;)Lorg/gradle/launcher/exec/BuildActionResult;+9
j  org.gradle.tooling.internal.provider.GradleThreadBuildActionExecuter.execute(Lorg/gradle/internal/invocation/BuildAction;Lorg/gradle/initialization/BuildRequestContext;Lorg/gradle/launcher/exec/BuildActionParameters;Lorg/gradle/internal/service/ServiceRegistry;)Lorg/gradle/launcher/exec/BuildActionResult;+12
j  org.gradle.tooling.internal.provider.GradleThreadBuildActionExecuter.execute(Lorg/gradle/internal/invocation/BuildAction;Lorg/gradle/initialization/BuildRequestContext;Ljava/lang/Object;Lorg/gradle/internal/service/ServiceRegistry;)Lorg/gradle/launcher/exec/BuildActionResult;+9
j  org.gradle.tooling.internal.provider.ParallelismConfigurationBuildActionExecuter.execute(Lorg/gradle/internal/invocation/BuildAction;Lorg/gradle/initialization/BuildRequestContext;Lorg/gradle/launcher/exec/BuildActionParameters;Lorg/gradle/internal/service/ServiceRegistry;)Lorg/gradle/launcher/exec/BuildActionResult;+43
j  org.gradle.tooling.internal.provider.ParallelismConfigurationBuildActionExecuter.execute(Lorg/gradle/internal/invocation/BuildAction;Lorg/gradle/initialization/BuildRequestContext;Ljava/lang/Object;Lorg/gradle/internal/service/ServiceRegistry;)Lorg/gradle/launcher/exec/BuildActionResult;+9
j  org.gradle.tooling.internal.provider.StartParamsValidatingActionExecuter.execute(Lorg/gradle/internal/invocation/BuildAction;Lorg/gradle/initialization/BuildRequestContext;Lorg/gradle/launcher/exec/BuildActionParameters;Lorg/gradle/internal/service/ServiceRegistry;)Lorg/gradle/launcher/exec/BuildActionResult;+177
j  org.gradle.tooling.internal.provider.StartParamsValidatingActionExecuter.execute(Lorg/gradle/internal/invocation/BuildAction;Lorg/gradle/initialization/BuildRequestContext;Ljava/lang/Object;Lorg/gradle/internal/service/ServiceRegistry;)Lorg/gradle/launcher/exec/BuildActionResult;+9
j  org.gradle.tooling.internal.provider.SessionFailureReportingActionExecuter.execute(Lorg/gradle/internal/invocation/BuildAction;Lorg/gradle/initialization/BuildRequestContext;Lorg/gradle/launcher/exec/BuildActionParameters;Lorg/gradle/internal/service/ServiceRegistry;)Lorg/gradle/launcher/exec/BuildActionResult;+9
j  org.gradle.tooling.internal.provider.SessionFailureReportingActionExecuter.execute(Lorg/gradle/internal/invocation/BuildAction;Lorg/gradle/initialization/BuildRequestContext;Ljava/lang/Object;Lorg/gradle/internal/service/ServiceRegistry;)Lorg/gradle/launcher/exec/BuildActionResult;+9
j  org.gradle.tooling.internal.provider.SetupLoggingActionExecuter.execute(Lorg/gradle/internal/invocation/BuildAction;Lorg/gradle/initialization/BuildRequestContext;Lorg/gradle/launcher/exec/BuildActionParameters;Lorg/gradle/internal/service/ServiceRegistry;)Lorg/gradle/launcher/exec/BuildActionResult;+52
j  org.gradle.tooling.internal.provider.SetupLoggingActionExecuter.execute(Lorg/gradle/internal/invocation/BuildAction;Lorg/gradle/initialization/BuildRequestContext;Ljava/lang/Object;Lorg/gradle/internal/service/ServiceRegistry;)Lorg/gradle/launcher/exec/BuildActionResult;+9
j  org.gradle.launcher.daemon.server.exec.ExecuteBuild.doBuild(Lorg/gradle/launcher/daemon/server/api/DaemonCommandExecution;Lorg/gradle/launcher/daemon/protocol/Build;)V+118
j  org.gradle.launcher.daemon.server.exec.BuildCommandOnly.execute(Lorg/gradle/launcher/daemon/server/api/DaemonCommandExecution;)V+49
j  org.gradle.launcher.daemon.server.api.DaemonCommandExecution.proceed()Z+28
j  org.gradle.launcher.daemon.server.exec.WatchForDisconnection.execute(Lorg/gradle/launcher/daemon/server/api/DaemonCommandExecution;)V+19
j  org.gradle.launcher.daemon.server.api.DaemonCommandExecution.proceed()Z+28
j  org.gradle.launcher.daemon.server.exec.ResetDeprecationLogger.execute(Lorg/gradle/launcher/daemon/server/api/DaemonCommandExecution;)V+4
j  org.gradle.launcher.daemon.server.api.DaemonCommandExecution.proceed()Z+28
j  org.gradle.launcher.daemon.server.exec.RequestStopIfSingleUsedDaemon.execute(Lorg/gradle/launcher/daemon/server/api/DaemonCommandExecution;)V+33
j  org.gradle.launcher.daemon.server.api.DaemonCommandExecution.proceed()Z+28
j  org.gradle.launcher.daemon.server.exec.ForwardClientInput$2.call()Ljava/lang/Void;+4
j  org.gradle.launcher.daemon.server.exec.ForwardClientInput$2.call()Ljava/lang/Object;+1
j  org.gradle.util.Swapper.swap(Ljava/lang/Object;Ljava/util/concurrent/Callable;)Ljava/lang/Object;+21
j  org.gradle.launcher.daemon.server.exec.ForwardClientInput.execute(Lorg/gradle/launcher/daemon/server/api/DaemonCommandExecution;)V+63
j  org.gradle.launcher.daemon.server.api.DaemonCommandExecution.proceed()Z+28
j  org.gradle.launcher.daemon.server.exec.LogAndCheckHealth.execute(Lorg/gradle/launcher/daemon/server/api/DaemonCommandExecution;)V+28
j  org.gradle.launcher.daemon.server.api.DaemonCommandExecution.proceed()Z+28
j  org.gradle.launcher.daemon.server.exec.LogToClient.doBuild(Lorg/gradle/launcher/daemon/server/api/DaemonCommandExecution;Lorg/gradle/launcher/daemon/protocol/Build;)V+87
j  org.gradle.launcher.daemon.server.exec.BuildCommandOnly.execute(Lorg/gradle/launcher/daemon/server/api/DaemonCommandExecution;)V+49
j  org.gradle.launcher.daemon.server.api.DaemonCommandExecution.proceed()Z+28
j  org.gradle.launcher.daemon.server.exec.EstablishBuildEnvironment.doBuild(Lorg/gradle/launcher/daemon/server/api/DaemonCommandExecution;Lorg/gradle/launcher/daemon/protocol/Build;)V+351
j  org.gradle.launcher.daemon.server.exec.BuildCommandOnly.execute(Lorg/gradle/launcher/daemon/server/api/DaemonCommandExecution;)V+49
j  org.gradle.launcher.daemon.server.api.DaemonCommandExecution.proceed()Z+28
j  org.gradle.launcher.daemon.server.exec.StartBuildOrRespondWithBusy$1.run()V+44
j  org.gradle.launcher.daemon.server.DaemonStateCoordinator$1.run()V+4
j  org.gradle.internal.concurrent.ExecutorPolicy$CatchAndRecordFailures.onExecute(Ljava/lang/Runnable;)V+1
j  org.gradle.internal.concurrent.ManagedExecutorImpl$1.run()V+25
j  java.util.concurrent.ThreadPoolExecutor.runWorker(Ljava/util/concurrent/ThreadPoolExecutor$Worker;)V+95
j  java.util.concurrent.ThreadPoolExecutor$Worker.run()V+5
j  org.gradle.internal.concurrent.ThreadFactoryImpl$ManagedThreadRunnable.run()V+7
j  java.lang.Thread.run()V+11
v  ~StubRoutines::call_stub

---------------  P R O C E S S  ---------------

Java Threads: ( => current thread )
  0x0000000018e71000 JavaThread "Cache worker for journal cache (C:\Users\Pooja\.gradle\caches\journal-1)" [_thread_blocked, id=14192, stack(0x000000001c9a0000,0x000000001caa0000)]
  0x0000000018e6f800 JavaThread "File lock release action executor" [_thread_blocked, id=12720, stack(0x000000001c8a0000,0x000000001c9a0000)]
  0x0000000018e70800 JavaThread "File lock request listener" [_thread_in_native, id=8844, stack(0x000000001c7a0000,0x000000001c8a0000)]
  0x0000000018efd000 JavaThread "Cache worker for file hash cache (C:\Users\Pooja\.gradle\caches\5.4.1\fileHashes)" [_thread_blocked, id=13556, stack(0x000000001c6a0000,0x000000001c7a0000)]
  0x000000001a3c3800 JavaThread "Thread-9" [_thread_blocked, id=13952, stack(0x000000001c5a0000,0x000000001c6a0000)]
  0x000000001a3c3000 JavaThread "Stdin handler" [_thread_blocked, id=1236, stack(0x000000001c4a0000,0x000000001c5a0000)]
  0x000000001a3c7000 JavaThread "Asynchronous log dispatcher for DefaultDaemonConnection: socket connection from /127.0.0.1:49950 to /127.0.0.1:49957" [_thread_blocked, id=13380, stack(0x000000001c3a0000,0x000000001c4a0000)]
=>0x000000001a3c6000 JavaThread "Daemon worker" [_thread_in_vm, id=13544, stack(0x000000001c1a0000,0x000000001c2a0000)]
  0x000000001a3b8000 JavaThread "Cancel handler" [_thread_blocked, id=13944, stack(0x000000001c0a0000,0x000000001c1a0000)]
  0x000000001a2dd000 JavaThread "Handler for socket connection from /127.0.0.1:49950 to /127.0.0.1:49957" [_thread_in_native, id=12380, stack(0x000000001bda0000,0x000000001bea0000)]
  0x000000001a0a5000 JavaThread "Daemon" [_thread_blocked, id=14180, stack(0x000000001bca0000,0x000000001bda0000)]
  0x0000000018cc6800 JavaThread "Daemon periodic checks" [_thread_blocked, id=14188, stack(0x000000001bba0000,0x000000001bca0000)]
  0x0000000019c95800 JavaThread "Incoming local TCP Connector on port 49950" [_thread_in_native, id=12576, stack(0x000000001b960000,0x000000001ba60000)]
  0x0000000018f96000 JavaThread "Daemon health stats" [_thread_blocked, id=12188, stack(0x000000001b320000,0x000000001b420000)]
  0x0000000018d29000 JavaThread "Service Thread" daemon [_thread_blocked, id=12404, stack(0x0000000019950000,0x0000000019a50000)]
  0x0000000016e9d800 JavaThread "C1 CompilerThread3" daemon [_thread_blocked, id=10572, stack(0x0000000019850000,0x0000000019950000)]
  0x0000000016e9a800 JavaThread "C2 CompilerThread2" daemon [_thread_blocked, id=8228, stack(0x0000000019750000,0x0000000019850000)]
  0x0000000018c94000 JavaThread "C2 CompilerThread1" daemon [_thread_blocked, id=10684, stack(0x0000000019650000,0x0000000019750000)]
  0x0000000018c8d800 JavaThread "C2 CompilerThread0" daemon [_thread_blocked, id=11704, stack(0x0000000019550000,0x0000000019650000)]
  0x0000000018c8c800 JavaThread "Attach Listener" daemon [_thread_blocked, id=11760, stack(0x0000000019450000,0x0000000019550000)]
  0x0000000018c89800 JavaThread "Signal Dispatcher" daemon [_thread_blocked, id=11568, stack(0x0000000019350000,0x0000000019450000)]
  0x0000000018c81000 JavaThread "Finalizer" daemon [_thread_blocked, id=13472, stack(0x0000000019160000,0x0000000019260000)]
  0x0000000018c80800 JavaThread "Reference Handler" daemon [_thread_blocked, id=13208, stack(0x0000000019060000,0x0000000019160000)]
  0x0000000002ecd800 JavaThread "main" [_thread_blocked, id=11328, stack(0x0000000002ed0000,0x0000000002fd0000)]

Other Threads:
  0x0000000016e86000 VMThread [stack: 0x0000000018b60000,0x0000000018c60000] [id=13820]
  0x0000000018cec000 WatcherThread [stack: 0x0000000019a50000,0x0000000019b50000] [id=13620]

VM state:not at safepoint (normal execution)

VM Mutex/Monitor currently owned by a thread: None

heap address: 0x00000000a0000000, size: 1536 MB, Compressed Oops mode: 32-bit
Narrow klass base: 0x0000000000000000, Narrow klass shift: 3
Compressed class space size: 1073741824 Address: 0x0000000100000000

Heap:
 PSYoungGen      total 36864K, used 30305K [0x00000000e0000000, 0x00000000e2900000, 0x0000000100000000)
  eden space 31744K, 79% used [0x00000000e0000000,0x00000000e18a03d0,0x00000000e1f00000)
  from space 5120K, 99% used [0x00000000e1f00000,0x00000000e23f8238,0x00000000e2400000)
  to   space 5120K, 0% used [0x00000000e2400000,0x00000000e2400000,0x00000000e2900000)
 ParOldGen       total 84992K, used 1442K [0x00000000a0000000, 0x00000000a5300000, 0x00000000e0000000)
  object space 84992K, 1% used [0x00000000a0000000,0x00000000a0168a00,0x00000000a5300000)
 Metaspace       used 14755K, capacity 15112K, committed 15360K, reserved 1062912K
  class space    used 2092K, capacity 2222K, committed 2304K, reserved 1048576K

Card table byte_map: [0x0000000012490000,0x00000000127a0000] byte_map_base: 0x0000000011f90000

Marking Bits: (ParMarkBitMap*) 0x00000000580c9f30
 Begin Bits: [0x00000000131a0000, 0x00000000149a0000)
 End Bits:   [0x00000000149a0000, 0x00000000161a0000)

Polling page: 0x00000000015f0000

CodeCache: size=245760Kb used=5159Kb max_used=5159Kb free=240600Kb
 bounds [0x00000000030d0000, 0x00000000035e0000, 0x00000000120d0000]
 total_blobs=1800 nmethods=1419 adapters=295
 compilation: enabled

Compilation events (10 events):
Event: 12.821 Thread 0x0000000016e9d800 1448       3       org.gradle.api.file.internal.FilePathUtil::sizeOfCommonPrefix (142 bytes)
Event: 12.823 Thread 0x0000000016e9d800 nmethod 1448 0x00000000035da390 code [0x00000000035da600, 0x00000000035dba28]
Event: 12.823 Thread 0x0000000016e9d800 1447       3       com.google.common.collect.AbstractIndexedListIterator::next (31 bytes)
Event: 12.824 Thread 0x0000000016e9d800 nmethod 1447 0x00000000031de650 code [0x00000000031de7e0, 0x00000000031dec38]
Event: 12.824 Thread 0x0000000016e9d800 1446       3       com.google.common.base.Preconditions::checkNotNull (14 bytes)
Event: 12.824 Thread 0x0000000016e9d800 nmethod 1446 0x00000000035b0250 code [0x00000000035b03c0, 0x00000000035b05e8]
Event: 12.840 Thread 0x0000000016e9d800 1449       3       java.util.concurrent.locks.LockSupport::parkNanos (29 bytes)
Event: 12.840 Thread 0x0000000016e9d800 nmethod 1449 0x00000000035dc390 code [0x00000000035dc500, 0x00000000035dc888]
Event: 12.922 Thread 0x0000000016e9d800 1450       3       java.util.concurrent.locks.AbstractQueuedSynchronizer$ConditionObject::checkInterruptWhileWaiting (27 bytes)
Event: 12.924 Thread 0x0000000016e9d800 nmethod 1450 0x00000000035dc990 code [0x00000000035dcb60, 0x00000000035dd1b8]

GC Heap History (6 events):
Event: 2.975 GC heap before
{Heap before GC invocations=1 (full 0):
 PSYoungGen      total 36864K, used 31744K [0x00000000e0000000, 0x00000000e2900000, 0x0000000100000000)
  eden space 31744K, 100% used [0x00000000e0000000,0x00000000e1f00000,0x00000000e1f00000)
  from space 5120K, 0% used [0x00000000e2400000,0x00000000e2400000,0x00000000e2900000)
  to   space 5120K, 0% used [0x00000000e1f00000,0x00000000e1f00000,0x00000000e2400000)
 ParOldGen       total 84992K, used 0K [0x00000000a0000000, 0x00000000a5300000, 0x00000000e0000000)
  object space 84992K, 0% used [0x00000000a0000000,0x00000000a0000000,0x00000000a5300000)
 Metaspace       used 6945K, capacity 7172K, committed 7424K, reserved 1056768K
  class space    used 850K, capacity 908K, committed 1024K, reserved 1048576K
Event: 2.983 GC heap after
Heap after GC invocations=1 (full 0):
 PSYoungGen      total 36864K, used 4286K [0x00000000e0000000, 0x00000000e2900000, 0x0000000100000000)
  eden space 31744K, 0% used [0x00000000e0000000,0x00000000e0000000,0x00000000e1f00000)
  from space 5120K, 83% used [0x00000000e1f00000,0x00000000e232f800,0x00000000e2400000)
  to   space 5120K, 0% used [0x00000000e2400000,0x00000000e2400000,0x00000000e2900000)
 ParOldGen       total 84992K, used 8K [0x00000000a0000000, 0x00000000a5300000, 0x00000000e0000000)
  object space 84992K, 0% used [0x00000000a0000000,0x00000000a0002000,0x00000000a5300000)
 Metaspace       used 6945K, capacity 7172K, committed 7424K, reserved 1056768K
  class space    used 850K, capacity 908K, committed 1024K, reserved 1048576K
}
Event: 4.820 GC heap before
{Heap before GC invocations=2 (full 0):
 PSYoungGen      total 36864K, used 36030K [0x00000000e0000000, 0x00000000e2900000, 0x0000000100000000)
  eden space 31744K, 100% used [0x00000000e0000000,0x00000000e1f00000,0x00000000e1f00000)
  from space 5120K, 83% used [0x00000000e1f00000,0x00000000e232f800,0x00000000e2400000)
  to   space 5120K, 0% used [0x00000000e2400000,0x00000000e2400000,0x00000000e2900000)
 ParOldGen       total 84992K, used 8K [0x00000000a0000000, 0x00000000a5300000, 0x00000000e0000000)
  object space 84992K, 0% used [0x00000000a0000000,0x00000000a0002000,0x00000000a5300000)
 Metaspace       used 8353K, capacity 8574K, committed 8832K, reserved 1056768K
  class space    used 1069K, capacity 1141K, committed 1152K, reserved 1048576K
Event: 4.834 GC heap after
Heap after GC invocations=2 (full 0):
 PSYoungGen      total 36864K, used 4177K [0x00000000e0000000, 0x00000000e2900000, 0x0000000100000000)
  eden space 31744K, 0% used [0x00000000e0000000,0x00000000e0000000,0x00000000e1f00000)
  from space 5120K, 81% used [0x00000000e2400000,0x00000000e28145b0,0x00000000e2900000)
  to   space 5120K, 0% used [0x00000000e1f00000,0x00000000e1f00000,0x00000000e2400000)
 ParOldGen       total 84992K, used 16K [0x00000000a0000000, 0x00000000a5300000, 0x00000000e0000000)
  object space 84992K, 0% used [0x00000000a0000000,0x00000000a0004000,0x00000000a5300000)
 Metaspace       used 8353K, capacity 8574K, committed 8832K, reserved 1056768K
  class space    used 1069K, capacity 1141K, committed 1152K, reserved 1048576K
}
Event: 9.870 GC heap before
{Heap before GC invocations=3 (full 0):
 PSYoungGen      total 36864K, used 35921K [0x00000000e0000000, 0x00000000e2900000, 0x0000000100000000)
  eden space 31744K, 100% used [0x00000000e0000000,0x00000000e1f00000,0x00000000e1f00000)
  from space 5120K, 81% used [0x00000000e2400000,0x00000000e28145b0,0x00000000e2900000)
  to   space 5120K, 0% used [0x00000000e1f00000,0x00000000e1f00000,0x00000000e2400000)
 ParOldGen       total 84992K, used 16K [0x00000000a0000000, 0x00000000a5300000, 0x00000000e0000000)
  object space 84992K, 0% used [0x00000000a0000000,0x00000000a0004000,0x00000000a5300000)
 Metaspace       used 12846K, capacity 13234K, committed 13440K, reserved 1060864K
  class space    used 1767K, capacity 1889K, committed 1920K, reserved 1048576K
Event: 9.900 GC heap after
Heap after GC invocations=3 (full 0):
 PSYoungGen      total 36864K, used 5088K [0x00000000e0000000, 0x00000000e2900000, 0x0000000100000000)
  eden space 31744K, 0% used [0x00000000e0000000,0x00000000e0000000,0x00000000e1f00000)
  from space 5120K, 99% used [0x00000000e1f00000,0x00000000e23f8238,0x00000000e2400000)
  to   space 5120K, 0% used [0x00000000e2400000,0x00000000e2400000,0x00000000e2900000)
 ParOldGen       total 84992K, used 1442K [0x00000000a0000000, 0x00000000a5300000, 0x00000000e0000000)
  object space 84992K, 1% used [0x00000000a0000000,0x00000000a0168a00,0x00000000a5300000)
 Metaspace       used 12846K, capacity 13234K, committed 13440K, reserved 1060864K
  class space    used 1767K, capacity 1889K, committed 1920K, reserved 1048576K
}

Deoptimization events (10 events):
Event: 8.072 Thread 0x000000001a2dd000 Uncommon trap: reason=unstable_if action=reinterpret pc=0x000000000349fe54 method=java.util.concurrent.ConcurrentHashMap.putVal(Ljava/lang/Object;Ljava/lang/Object;Z)Ljava/lang/Object; @ 206
Event: 8.288 Thread 0x000000001a3c6000 Uncommon trap: reason=bimorphic action=maybe_recompile pc=0x000000000335c6ac method=java.util.HashMap.putVal(ILjava/lang/Object;Ljava/lang/Object;ZZ)Ljava/lang/Object; @ 253
Event: 8.289 Thread 0x000000001a3c6000 Uncommon trap: reason=bimorphic action=maybe_recompile pc=0x000000000335c6ac method=java.util.HashMap.putVal(ILjava/lang/Object;Ljava/lang/Object;ZZ)Ljava/lang/Object; @ 253
Event: 8.289 Thread 0x000000001a3c6000 Uncommon trap: reason=bimorphic action=maybe_recompile pc=0x000000000335c6ac method=java.util.HashMap.putVal(ILjava/lang/Object;Ljava/lang/Object;ZZ)Ljava/lang/Object; @ 253
Event: 8.289 Thread 0x000000001a3c6000 Uncommon trap: reason=bimorphic action=maybe_recompile pc=0x000000000335c6ac method=java.util.HashMap.putVal(ILjava/lang/Object;Ljava/lang/Object;ZZ)Ljava/lang/Object; @ 253
Event: 10.236 Thread 0x000000001a3c6000 Uncommon trap: reason=class_check action=maybe_recompile pc=0x00000000033aabdc method=java.util.regex.Matcher.match(II)Z @ 86
Event: 10.332 Thread 0x000000001a3c6000 Uncommon trap: reason=class_check action=maybe_recompile pc=0x00000000033aabdc method=java.util.regex.Matcher.match(II)Z @ 86
Event: 10.333 Thread 0x000000001a3c6000 Uncommon trap: reason=class_check action=maybe_recompile pc=0x00000000033aabdc method=java.util.regex.Matcher.match(II)Z @ 86
Event: 10.334 Thread 0x000000001a3c6000 Uncommon trap: reason=class_check action=maybe_recompile pc=0x0000000003363e88 method=java.util.regex.Matcher.match(II)Z @ 86
Event: 12.841 Thread 0x000000001a3c6000 Uncommon trap: reason=unstable_if action=reinterpret pc=0x00000000035c1134 method=java.util.jar.Manifest.getTrustedAttributes(Ljava/lang/String;)Ljava/util/jar/Attributes; @ 7

Classes redefined (0 events):
No events

Internal exceptions (10 events):
Event: 5.081 Thread 0x0000000002ecd800 Exception <a 'java/lang/NoSuchFieldError': method resolution failed> (0x00000000e02b7f90) thrown at [D:\src\AOSP-openjdk-cygwin\jdk8u\hotspot\src\share\vm\prims\methodHandles.cpp, line 1167]
Event: 5.088 Thread 0x0000000002ecd800 Exception <a 'java/lang/NoSuchFieldError': method resolution failed> (0x00000000e02c5c80) thrown at [D:\src\AOSP-openjdk-cygwin\jdk8u\hotspot\src\share\vm\prims\methodHandles.cpp, line 1167]
Event: 7.841 Thread 0x0000000002ecd800 Exception <a 'java/io/IOException'> (0x00000000e0a64d50) thrown at [D:\src\AOSP-openjdk-cygwin\jdk8u\hotspot\src\share\vm\prims\jni.cpp, line 710]
Event: 8.074 Thread 0x000000001a2dd000 Exception <a 'java/lang/NoSuchMethodError': <clinit>> (0x00000000e0c8e6b8) thrown at [D:\src\AOSP-openjdk-cygwin\jdk8u\hotspot\src\share\vm\prims\jni.cpp, line 1614]
Event: 8.076 Thread 0x000000001a2dd000 Exception <a 'java/lang/NoSuchMethodError': <clinit>> (0x00000000e0c98468) thrown at [D:\src\AOSP-openjdk-cygwin\jdk8u\hotspot\src\share\vm\prims\jni.cpp, line 1614]
Event: 8.079 Thread 0x000000001a2dd000 Exception <a 'java/lang/NoSuchMethodError': <clinit>> (0x00000000e0cac618) thrown at [D:\src\AOSP-openjdk-cygwin\jdk8u\hotspot\src\share\vm\prims\jni.cpp, line 1614]
Event: 8.097 Thread 0x000000001a2dd000 Exception <a 'java/lang/NoSuchMethodError': <clinit>> (0x00000000e0d07550) thrown at [D:\src\AOSP-openjdk-cygwin\jdk8u\hotspot\src\share\vm\prims\jni.cpp, line 1614]
Event: 8.108 Thread 0x000000001a2dd000 Exception <a 'java/lang/NoSuchMethodError': <clinit>> (0x00000000e0d3f460) thrown at [D:\src\AOSP-openjdk-cygwin\jdk8u\hotspot\src\share\vm\prims\jni.cpp, line 1614]
Event: 8.118 Thread 0x000000001a2dd000 Exception <a 'java/lang/NoSuchMethodError': <clinit>> (0x00000000e0d75420) thrown at [D:\src\AOSP-openjdk-cygwin\jdk8u\hotspot\src\share\vm\prims\jni.cpp, line 1614]
Event: 8.121 Thread 0x000000001a2dd000 Exception <a 'java/lang/NoSuchMethodError': <clinit>> (0x00000000e0d80e98) thrown at [D:\src\AOSP-openjdk-cygwin\jdk8u\hotspot\src\share\vm\prims\jni.cpp, line 1614]

Events (10 events):
Event: 12.891 loading class org/apache/tools/ant/types/ResourceFactory
Event: 12.891 loading class org/apache/tools/ant/types/ResourceFactory done
Event: 12.923 loading class org/apache/tools/ant/util/VectorSet
Event: 12.923 loading class org/apache/tools/ant/util/VectorSet done
Event: 12.934 Executing VM operation: Deoptimize
Event: 12.935 Executing VM operation: Deoptimize done
Event: 12.935 loading class org/apache/tools/ant/BuildException
Event: 12.935 loading class org/apache/tools/ant/BuildException done
Event: 12.937 loading class org/apache/tools/ant/types/Resource
Event: 12.937 loading class org/apache/tools/ant/types/Resource done


Dynamic libraries:
0x00007ff6255b0000 - 0x00007ff6255e1000 	C:\Program Files\Android\Android Studio\jre\bin\java.exe
0x00007ffc1bd30000 - 0x00007ffc1bf11000 	C:\WINDOWS\SYSTEM32\ntdll.dll
0x00007ffc19260000 - 0x00007ffc19311000 	C:\WINDOWS\System32\KERNEL32.DLL
0x00007ffc188d0000 - 0x00007ffc18b43000 	C:\WINDOWS\System32\KERNELBASE.dll
0x00007ffc195e0000 - 0x00007ffc19681000 	C:\WINDOWS\System32\ADVAPI32.dll
0x00007ffc19970000 - 0x00007ffc19a0e000 	C:\WINDOWS\System32\msvcrt.dll
0x00007ffc193a0000 - 0x00007ffc193fb000 	C:\WINDOWS\System32\sechost.dll
0x00007ffc19690000 - 0x00007ffc197b4000 	C:\WINDOWS\System32\RPCRT4.dll
0x00007ffc19a10000 - 0x00007ffc19ba0000 	C:\WINDOWS\System32\USER32.dll
0x00007ffc18e00000 - 0x00007ffc18e20000 	C:\WINDOWS\System32\win32u.dll
0x00007ffc19860000 - 0x00007ffc19888000 	C:\WINDOWS\System32\GDI32.dll
0x00007ffc18b50000 - 0x00007ffc18ce1000 	C:\WINDOWS\System32\gdi32full.dll
0x00007ffc18f20000 - 0x00007ffc18fbf000 	C:\WINDOWS\System32\msvcp_win.dll
0x00007ffc18e20000 - 0x00007ffc18f18000 	C:\WINDOWS\System32\ucrtbase.dll
0x00007ffc0eb00000 - 0x00007ffc0ed69000 	C:\WINDOWS\WinSxS\amd64_microsoft.windows.common-controls_6595b64144ccf1df_6.0.17134.1006_none_d3fbb8f77c940c3f\COMCTL32.dll
0x00007ffc1b790000 - 0x00007ffc1bab1000 	C:\WINDOWS\System32\combase.dll
0x00007ffc18850000 - 0x00007ffc188c9000 	C:\WINDOWS\System32\bcryptPrimitives.dll
0x00007ffc1b220000 - 0x00007ffc1b24d000 	C:\WINDOWS\System32\IMM32.DLL
0x0000000056670000 - 0x0000000056742000 	C:\Program Files\Android\Android Studio\jre\jre\bin\msvcr100.dll
0x0000000057900000 - 0x0000000058146000 	C:\Program Files\Android\Android Studio\jre\jre\bin\server\jvm.dll
0x00007ffc1bc80000 - 0x00007ffc1bc88000 	C:\WINDOWS\System32\PSAPI.DLL
0x00007ffc16250000 - 0x00007ffc16273000 	C:\WINDOWS\SYSTEM32\WINMM.dll
0x00007ffc13cf0000 - 0x00007ffc13cfa000 	C:\WINDOWS\SYSTEM32\VERSION.dll
0x00007ffc16220000 - 0x00007ffc1624a000 	C:\WINDOWS\SYSTEM32\WINMMBASE.dll
0x00007ffc180f0000 - 0x00007ffc18139000 	C:\WINDOWS\System32\cfgmgr32.dll
0x00007ffc0af00000 - 0x00007ffc0af09000 	C:\WINDOWS\SYSTEM32\WSOCK32.dll
0x00007ffc1bc90000 - 0x00007ffc1bcfc000 	C:\WINDOWS\System32\WS2_32.dll
0x00007ffc0aef0000 - 0x00007ffc0aeff000 	C:\Program Files\Android\Android Studio\jre\jre\bin\verify.dll
0x00007ffbf4450000 - 0x00007ffbf4479000 	C:\Program Files\Android\Android Studio\jre\jre\bin\java.dll
0x00007ffbfacb0000 - 0x00007ffbfacc6000 	C:\Program Files\Android\Android Studio\jre\jre\bin\zip.dll
0x00007ffc19ba0000 - 0x00007ffc1afe2000 	C:\WINDOWS\System32\SHELL32.dll
0x00007ffc191b0000 - 0x00007ffc19259000 	C:\WINDOWS\System32\shcore.dll
0x00007ffc18140000 - 0x00007ffc1884e000 	C:\WINDOWS\System32\windows.storage.dll
0x00007ffc19580000 - 0x00007ffc195d1000 	C:\WINDOWS\System32\shlwapi.dll
0x00007ffc180d0000 - 0x00007ffc180e1000 	C:\WINDOWS\System32\kernel.appcore.dll
0x00007ffc180b0000 - 0x00007ffc180cf000 	C:\WINDOWS\System32\profapi.dll
0x00007ffc18030000 - 0x00007ffc1807c000 	C:\WINDOWS\System32\powrprof.dll
0x00007ffc18080000 - 0x00007ffc1808a000 	C:\WINDOWS\System32\FLTLIB.DLL
0x00007ffbf3190000 - 0x00007ffbf31aa000 	C:\Program Files\Android\Android Studio\jre\jre\bin\net.dll
0x00007ffc17850000 - 0x00007ffc178b6000 	C:\WINDOWS\system32\mswsock.dll
0x00007ffbf0840000 - 0x00007ffbf0851000 	C:\Program Files\Android\Android Studio\jre\jre\bin\nio.dll
0x00007ffbd24b0000 - 0x00007ffbd24d6000 	C:\Users\Pooja\.gradle\native\29\windows-amd64\native-platform.dll
0x00007ffbfed20000 - 0x00007ffbfed2d000 	C:\Program Files\Android\Android Studio\jre\jre\bin\management.dll
0x00007ffc17a60000 - 0x00007ffc17a77000 	C:\WINDOWS\SYSTEM32\CRYPTSP.dll
0x00007ffc17400000 - 0x00007ffc17433000 	C:\WINDOWS\system32\rsaenh.dll
0x00007ffc17b90000 - 0x00007ffc17bb5000 	C:\WINDOWS\SYSTEM32\bcrypt.dll
0x00007ffc17f60000 - 0x00007ffc17f88000 	C:\WINDOWS\SYSTEM32\USERENV.dll
0x00007ffc17a80000 - 0x00007ffc17a8b000 	C:\WINDOWS\SYSTEM32\CRYPTBASE.dll
0x00007ffc175a0000 - 0x00007ffc175d8000 	C:\WINDOWS\SYSTEM32\IPHLPAPI.DLL
0x00007ffc19960000 - 0x00007ffc19968000 	C:\WINDOWS\System32\NSI.dll
0x00007ffc0ff60000 - 0x00007ffc0ff76000 	C:\WINDOWS\SYSTEM32\dhcpcsvc6.DLL
0x00007ffc10130000 - 0x00007ffc1014a000 	C:\WINDOWS\SYSTEM32\dhcpcsvc.DLL
0x00007ffc06190000 - 0x00007ffc06359000 	C:\WINDOWS\SYSTEM32\dbghelp.dll

VM Arguments:
jvm_args: -Xmx1536m -Dfile.encoding=windows-1252 -Duser.country=IN -Duser.language=en -Duser.variant 
java_command: org.gradle.launcher.daemon.bootstrap.GradleDaemon 5.4.1
java_class_path (initial): C:\Users\Pooja\.gradle\wrapper\dists\gradle-5.4.1-all\3221gyojl5jsh0helicew7rwx\gradle-5.4.1\lib\gradle-launcher-5.4.1.jar
Launcher Type: SUN_STANDARD

Environment Variables:
PATH=C:\WINDOWS\system32;C:\WINDOWS;C:\WINDOWS\System32\Wbem;C:\WINDOWS\System32\WindowsPowerShell\v1.0\;C:\Program Files\Git\cmd;C:\WINDOWS\System32\OpenSSH\;C:\Users\Pooja\AppData\Local\Microsoft\WindowsApps;
USERNAME=Pooja
OS=Windows_NT
PROCESSOR_IDENTIFIER=AMD64 Family 23 Model 17 Stepping 0, AuthenticAMD



---------------  S Y S T E M  ---------------

OS: Windows 10.0 , 64 bit Build 17134 (10.0.17134.753)

CPU:total 8 (initial active 8) (8 cores per cpu, 1 threads per core) family 23 model 17 stepping 0, cmov, cx8, fxsr, mmx, sse, sse2, sse3, ssse3, sse4.1, sse4.2, popcnt, avx, avx2, aes, clmul, mmxext, 3dnowpref, lzcnt, sse4a, tsc, tscinvbit, tscinv, bmi1

Memory: 4k page, physical 8016248k(3646656k free), swap 10899832k(5508008k free)

vm_info: OpenJDK 64-Bit Server VM (25.202-b03) for windows-amd64 JRE (1.8.0_202-release-1483-b03), built by "builder" with MS VC++ 10.0 (VS2010)

time: Wed Oct 16 16:00:49 2019
timezone: India Standard Time
elapsed time: 13 seconds (0d 0h 0m 13s)

